  b2_broad_phase.cpp
  b2_chain_shape.cpp
  b2_circle_shape.cpp
  b2_collide_circle.cpp
  b2_collide_edge.cpp
  b2_collide_polygon.cpp
  b2_collision.cpp
  b2_distance.cpp
  b2_dynamic_tree.cpp
  b2_edge_shape.cpp
  b2_polygon_shape.cpp
  b2_time_of_impact.cpp
  b2_block_allocator.cpp
  b2_draw.cpp
  b2_math.cpp
  b2_settings.cpp
  b2_stack_allocator.cpp
  b2_timer.cpp
  b2_body.cpp
  b2_chain_circle_contact.cpp
  b2_chain_polygon_contact.cpp
  b2_circle_contact.cpp
  b2_contact.cpp
  b2_contact_manager.cpp
  b2_contact_solver.cpp
  b2_distance_joint.cpp
  b2_edge_circle_contact.cpp
  b2_edge_polygon_contact.cpp
  b2_fixture.cpp
  b2_friction_joint.cpp
  b2_gear_joint.cpp
  b2_island.cpp
  b2_joint.cpp
C:\Users\Michael\Development\CristalEngine\CristalEngine\vendor\box2d\src\common\b2_settings.cpp(24,1): warning C4005: '_CRT_SECURE_NO_WARNINGS': macro redefinition
  C:\Users\Michael\Development\CristalEngine\CristalEngine\vendor\box2d\src\common\b2_settings.cpp(24,1):
  '_CRT_SECURE_NO_WARNINGS' previously declared on the command line
  
  b2_motor_joint.cpp
  b2_mouse_joint.cpp
  b2_polygon_circle_contact.cpp
C:\Users\Michael\Development\CristalEngine\CristalEngine\vendor\box2d\include\box2d\b2_body.h(30,10): error C1083: Cannot open include file: 'glm/glm.hpp': No such file or directory
  (compiling source file 'src/dynamics/b2_chain_circle_contact.cpp')
  
C:\Users\Michael\Development\CristalEngine\CristalEngine\vendor\box2d\include\box2d\b2_body.h(30,10): error C1083: Cannot open include file: 'glm/glm.hpp': No such file or directory
  (compiling source file 'src/dynamics/b2_body.cpp')
  
C:\Users\Michael\Development\CristalEngine\CristalEngine\vendor\box2d\include\box2d\b2_body.h(30,10): error C1083: Cannot open include file: 'glm/glm.hpp': No such file or directory
  (compiling source file 'src/dynamics/b2_chain_polygon_contact.cpp')
  
C:\Users\Michael\Development\CristalEngine\CristalEngine\vendor\box2d\include\box2d\b2_body.h(30,10): error C1083: Cannot open include file: 'glm/glm.hpp': No such file or directory
  (compiling source file 'src/dynamics/b2_circle_contact.cpp')
  
C:\Users\Michael\Development\CristalEngine\CristalEngine\vendor\box2d\include\box2d\b2_body.h(30,10): error C1083: Cannot open include file: 'glm/glm.hpp': No such file or directory
  (compiling source file 'src/dynamics/b2_contact_manager.cpp')
  
C:\Users\Michael\Development\CristalEngine\CristalEngine\vendor\box2d\include\box2d\b2_body.h(30,10): error C1083: Cannot open include file: 'glm/glm.hpp': No such file or directory
  (compiling source file 'src/dynamics/b2_distance_joint.cpp')
  
C:\Users\Michael\Development\CristalEngine\CristalEngine\vendor\box2d\include\box2d\b2_body.h(30,10): error C1083: Cannot open include file: 'glm/glm.hpp': No such file or directory
  (compiling source file 'src/dynamics/b2_edge_circle_contact.cpp')
  
C:\Users\Michael\Development\CristalEngine\CristalEngine\vendor\box2d\include\box2d\b2_body.h(30,10): error C1083: Cannot open include file: 'glm/glm.hpp': No such file or directory
  (compiling source file 'src/dynamics/b2_contact_solver.cpp')
  
  b2_polygon_contact.cpp
  b2_prismatic_joint.cpp
  b2_pulley_joint.cpp
  b2_revolute_joint.cpp
C:\Users\Michael\Development\CristalEngine\CristalEngine\vendor\box2d\include\box2d\b2_body.h(30,10): error C1083: Cannot open include file: 'glm/glm.hpp': No such file or directory
  (compiling source file 'src/dynamics/b2_contact.cpp')
  
C:\Users\Michael\Development\CristalEngine\CristalEngine\vendor\box2d\include\box2d\b2_body.h(30,10): error C1083: Cannot open include file: 'glm/glm.hpp': No such file or directory
  (compiling source file 'src/dynamics/b2_fixture.cpp')
  
C:\Users\Michael\Development\CristalEngine\CristalEngine\vendor\box2d\include\box2d\b2_body.h(30,10): error C1083: Cannot open include file: 'glm/glm.hpp': No such file or directory
  (compiling source file 'src/dynamics/b2_gear_joint.cpp')
  
C:\Users\Michael\Development\CristalEngine\CristalEngine\vendor\box2d\include\box2d\b2_body.h(30,10): error C1083: Cannot open include file: 'glm/glm.hpp': No such file or directory
  (compiling source file 'src/dynamics/b2_edge_polygon_contact.cpp')
  
  b2_weld_joint.cpp
  b2_wheel_joint.cpp
  b2_world.cpp
  b2_world_callbacks.cpp
C:\Users\Michael\Development\CristalEngine\CristalEngine\vendor\box2d\include\box2d\b2_body.h(30,10): error C1083: Cannot open include file: 'glm/glm.hpp': No such file or directory
  (compiling source file 'src/dynamics/b2_island.cpp')
  
C:\Users\Michael\Development\CristalEngine\CristalEngine\vendor\box2d\include\box2d\b2_body.h(30,10): error C1083: Cannot open include file: 'glm/glm.hpp': No such file or directory
  (compiling source file 'src/dynamics/b2_friction_joint.cpp')
  
C:\Users\Michael\Development\CristalEngine\CristalEngine\vendor\box2d\include\box2d\b2_body.h(30,10): error C1083: Cannot open include file: 'glm/glm.hpp': No such file or directory
  (compiling source file 'src/dynamics/b2_joint.cpp')
  
C:\Users\Michael\Development\CristalEngine\CristalEngine\vendor\box2d\src\common\b2_timer.cpp(45,21): warning C4244: 'return': conversion from 'LONGLONG' to 'double', possible loss of data
  b2BlockAllocator.cpp
C:\Users\Michael\Development\CristalEngine\CristalEngine\vendor\box2d\include\box2d\b2_body.h(30,10): error C1083: Cannot open include file: 'glm/glm.hpp': No such file or directory
  (compiling source file 'src/dynamics/b2_polygon_circle_contact.cpp')
  
C:\Users\Michael\Development\CristalEngine\CristalEngine\vendor\box2d\include\box2d\b2_body.h(30,10): error C1083: Cannot open include file: 'glm/glm.hpp': No such file or directory
  (compiling source file 'src/dynamics/b2_motor_joint.cpp')
  
  b2FreeList.cpp
  b2Particle.cpp
C:\Users\Michael\Development\CristalEngine\CristalEngine\vendor\box2d\include\box2d\b2_body.h(30,10): error C1083: Cannot open include file: 'glm/glm.hpp': No such file or directory
  (compiling source file 'src/dynamics/b2_mouse_joint.cpp')
  
C:\Users\Michael\Development\CristalEngine\CristalEngine\vendor\box2d\include\box2d\b2_body.h(30,10): error C1083: Cannot open include file: 'glm/glm.hpp': No such file or directory
  (compiling source file 'src/dynamics/b2_polygon_contact.cpp')
  
  b2ParticleAssembly.cpp
  b2ParticleGroup.cpp
C:\Users\Michael\Development\CristalEngine\CristalEngine\vendor\box2d\include\box2d\b2_body.h(30,10): error C1083: Cannot open include file: 'glm/glm.hpp': No such file or directory
  (compiling source file 'src/dynamics/b2_prismatic_joint.cpp')
  
  b2ParticleSystem.cpp
C:\Users\Michael\Development\CristalEngine\CristalEngine\vendor\box2d\include\box2d\b2_body.h(30,10): error C1083: Cannot open include file: 'glm/glm.hpp': No such file or directory
  (compiling source file 'src/dynamics/b2_wheel_joint.cpp')
  
C:\Users\Michael\Development\CristalEngine\CristalEngine\vendor\box2d\include\box2d\b2_body.h(30,10): error C1083: Cannot open include file: 'glm/glm.hpp': No such file or directory
  (compiling source file 'src/dynamics/b2_pulley_joint.cpp')
  
  b2StackAllocator.cpp
C:\Users\Michael\Development\CristalEngine\CristalEngine\vendor\box2d\include\box2d\b2_body.h(30,10): error C1083: Cannot open include file: 'glm/glm.hpp': No such file or directory
  (compiling source file 'src/dynamics/b2_world.cpp')
  
C:\Users\Michael\Development\CristalEngine\CristalEngine\vendor\box2d\include\box2d\b2_body.h(30,10): error C1083: Cannot open include file: 'glm/glm.hpp': No such file or directory
  (compiling source file 'src/dynamics/b2_world_callbacks.cpp')
  
C:\Users\Michael\Development\CristalEngine\CristalEngine\vendor\box2d\include\box2d\b2_body.h(30,10): error C1083: Cannot open include file: 'glm/glm.hpp': No such file or directory
  (compiling source file 'src/dynamics/b2_revolute_joint.cpp')
  
C:\Users\Michael\Development\CristalEngine\CristalEngine\vendor\box2d\include\box2d\b2_body.h(30,10): error C1083: Cannot open include file: 'glm/glm.hpp': No such file or directory
  (compiling source file 'src/dynamics/b2_weld_joint.cpp')
  
  b2TrackedBlock.cpp
  b2VoronoiDiagram.cpp
  b2_rope.cpp
C:\Users\Michael\Development\CristalEngine\CristalEngine\vendor\box2d\include\box2d\b2_body.h(30,10): error C1083: Cannot open include file: 'glm/glm.hpp': No such file or directory
  (compiling source file 'src/particle/b2ParticleSystem.cpp')
  
